[debug] [2021-08-02T17:18:13.748Z] ----------------------------------------------------------------------
[debug] [2021-08-02T17:18:13.754Z] Command:       C:\Program Files\nodejs\node.exe C:\Users\bmmma\AppData\Roaming\npm\node_modules\firebase-tools\lib\bin\firebase.js init
[debug] [2021-08-02T17:18:13.755Z] CLI Version:   9.16.0
[debug] [2021-08-02T17:18:13.755Z] Platform:      win32
[debug] [2021-08-02T17:18:13.755Z] Node Version:  v15.0.1
[debug] [2021-08-02T17:18:13.757Z] Time:          Tue Aug 03 2021 01:18:13 GMT+0800 (Philippine Standard Time)
[debug] [2021-08-02T17:18:13.758Z] ----------------------------------------------------------------------
[debug] 
[debug] [2021-08-02T17:18:13.773Z] > command requires scopes: ["email","openid","https://www.googleapis.com/auth/cloudplatformprojects.readonly","https://www.googleapis.com/auth/firebase","https://www.googleapis.com/auth/cloud-platform"]
[debug] [2021-08-02T17:18:13.773Z] > authorizing via signed-in user (bmm.matty@gmail.com)
[info] 
     ######## #### ########  ######## ########     ###     ######  ########
     ##        ##  ##     ## ##       ##     ##  ##   ##  ##       ##
     ######    ##  ########  ######   ########  #########  ######  ######
     ##        ##  ##    ##  ##       ##     ## ##     ##       ## ##
     ##       #### ##     ## ######## ########  ##     ##  ######  ########

You're about to initialize a Firebase project in this directory:

  D:\React Projects\strat-email-sig-gen

[info] 
=== Project Setup
[info] 
[info] First, let's associate this project directory with a Firebase project.
[info] You can create multiple project aliases by running firebase use --add, 
[info] but for now we'll just set up a default project.
[info] 
[debug] [2021-08-02T17:18:32.142Z] >>> [apiv2][query] GET https://firebase.googleapis.com/v1beta1/projects pageSize=100
[debug] [2021-08-02T17:18:32.916Z] <<< [apiv2][status] GET https://firebase.googleapis.com/v1beta1/projects 200
[debug] [2021-08-02T17:18:32.916Z] <<< [apiv2][body] GET https://firebase.googleapis.com/v1beta1/projects [omitted]
